c:\yottabyte\checkconfig\checkconfig\x64\debug\checkconfig.pch
c:\yottabyte\checkconfig\checkconfig\x64\debug\vc141.pdb
c:\yottabyte\checkconfig\checkconfig\x64\debug\vc141.idb
c:\yottabyte\checkconfig\checkconfig\x64\debug\stdafx.obj
c:\yottabyte\checkconfig\checkconfig\x64\debug\dllmain.obj
c:\yottabyte\checkconfig\checkconfig\x64\debug\checkconfig.obj
c:\yottabyte\checkconfig\checkconfig\x64\debug\checkconfig.res
c:\yottabyte\checkconfig\x64\debug\checkconfig.pdb
c:\yottabyte\checkconfig\checkconfig\x64\debug\checkconfig.tlog\cl.command.1.tlog
c:\yottabyte\checkconfig\checkconfig\x64\debug\checkconfig.tlog\cl.read.1.tlog
c:\yottabyte\checkconfig\checkconfig\x64\debug\checkconfig.tlog\cl.write.1.tlog
c:\yottabyte\checkconfig\checkconfig\x64\debug\checkconfig.tlog\link-cvtres.read.1.tlog
c:\yottabyte\checkconfig\checkconfig\x64\debug\checkconfig.tlog\link-cvtres.write.1.tlog
c:\yottabyte\checkconfig\checkconfig\x64\debug\checkconfig.tlog\link-rc.read.1.tlog
c:\yottabyte\checkconfig\checkconfig\x64\debug\checkconfig.tlog\link-rc.write.1.tlog
c:\yottabyte\checkconfig\checkconfig\x64\debug\checkconfig.tlog\link.command.1.tlog
c:\yottabyte\checkconfig\checkconfig\x64\debug\checkconfig.tlog\link.read.1.tlog
c:\yottabyte\checkconfig\checkconfig\x64\debug\checkconfig.tlog\link.write.1.tlog
c:\yottabyte\checkconfig\checkconfig\x64\debug\checkconfig.tlog\rc.command.1.tlog
c:\yottabyte\checkconfig\checkconfig\x64\debug\checkconfig.tlog\rc.read.1.tlog
c:\yottabyte\checkconfig\checkconfig\x64\debug\checkconfig.tlog\rc.write.1.tlog
